Connecting to database specified by database.yml
Connecting to database specified by database.yml


Started GET "/assets/rails.png" for 127.0.0.1 at 2013-05-08 22:52:05 -0700
Served asset /rails.png - 304 Not Modified (7ms)


Started GET "/assets/rails.png" for 127.0.0.1 at 2013-05-08 22:52:11 -0700
Served asset /rails.png - 304 Not Modified (0ms)
Connecting to database specified by database.yml
Connecting to database specified by database.yml
Connecting to database specified by database.yml
Connecting to database specified by database.yml
Connecting to database specified by database.yml
  [1m[36m (0.1ms)[0m  [1mselect sqlite_version(*)[0m
  [1m[35m (216.6ms)[0m  CREATE TABLE "schema_migrations" ("version" varchar(255) NOT NULL) 
  [1m[36m (82.9ms)[0m  [1mCREATE UNIQUE INDEX "unique_schema_migrations" ON "schema_migrations" ("version")[0m
  [1m[35m (0.1ms)[0m  SELECT "schema_migrations"."version" FROM "schema_migrations" 
Migrating to CreateProjects (20130509061919)
  [1m[36m (0.1ms)[0m  [1mbegin transaction[0m
  [1m[35m (0.3ms)[0m  CREATE TABLE "projects" ("id" INTEGER PRIMARY KEY AUTOINCREMENT NOT NULL, "name" varchar(255), "description" varchar(255), "created_at" datetime NOT NULL, "updated_at" datetime NOT NULL) 
  [1m[36m (0.1ms)[0m  [1mINSERT INTO "schema_migrations" ("version") VALUES ('20130509061919')[0m
  [1m[35m (117.0ms)[0m  commit transaction
  [1m[36m (0.2ms)[0m  [1mSELECT "schema_migrations"."version" FROM "schema_migrations" [0m
Connecting to database specified by database.yml
  [1m[36m (0.1ms)[0m  [1mSELECT "schema_migrations"."version" FROM "schema_migrations" [0m
  [1m[35m (0.2ms)[0m  select sqlite_version(*)
  [1m[36m (111.6ms)[0m  [1mCREATE TABLE "projects" ("id" INTEGER PRIMARY KEY AUTOINCREMENT NOT NULL, "name" varchar(255), "description" varchar(255), "created_at" datetime NOT NULL, "updated_at" datetime NOT NULL) [0m
  [1m[35m (98.4ms)[0m  CREATE TABLE "schema_migrations" ("version" varchar(255) NOT NULL) 
  [1m[36m (100.2ms)[0m  [1mCREATE UNIQUE INDEX "unique_schema_migrations" ON "schema_migrations" ("version")[0m
  [1m[35m (0.1ms)[0m  SELECT version FROM "schema_migrations"
  [1m[36m (97.9ms)[0m  [1mINSERT INTO "schema_migrations" (version) VALUES ('20130509061919')[0m
Connecting to database specified by database.yml
Connecting to database specified by database.yml
Connecting to database specified by database.yml
  [1m[36m (0.1ms)[0m  [1mSELECT "schema_migrations"."version" FROM "schema_migrations" [0m
  [1m[35m (0.2ms)[0m  select sqlite_version(*)
  [1m[36m (105.7ms)[0m  [1mCREATE TABLE "projects" ("id" INTEGER PRIMARY KEY AUTOINCREMENT NOT NULL, "name" varchar(255), "description" varchar(255), "created_at" datetime NOT NULL, "updated_at" datetime NOT NULL) [0m
  [1m[35m (82.1ms)[0m  CREATE TABLE "schema_migrations" ("version" varchar(255) NOT NULL) 
  [1m[36m (82.4ms)[0m  [1mCREATE UNIQUE INDEX "unique_schema_migrations" ON "schema_migrations" ("version")[0m
  [1m[35m (0.1ms)[0m  SELECT version FROM "schema_migrations"
  [1m[36m (91.7ms)[0m  [1mINSERT INTO "schema_migrations" (version) VALUES ('20130509061919')[0m
Connecting to database specified by database.yml
  [1m[36m (0.1ms)[0m  [1mSELECT "schema_migrations"."version" FROM "schema_migrations" [0m
  [1m[35m (0.2ms)[0m  select sqlite_version(*)
  [1m[36m (166.7ms)[0m  [1mCREATE TABLE "projects" ("id" INTEGER PRIMARY KEY AUTOINCREMENT NOT NULL, "name" varchar(255), "description" varchar(255), "created_at" datetime NOT NULL, "updated_at" datetime NOT NULL) [0m
  [1m[35m (91.4ms)[0m  CREATE TABLE "schema_migrations" ("version" varchar(255) NOT NULL) 
  [1m[36m (106.8ms)[0m  [1mCREATE UNIQUE INDEX "unique_schema_migrations" ON "schema_migrations" ("version")[0m
  [1m[35m (0.1ms)[0m  SELECT version FROM "schema_migrations"
  [1m[36m (81.7ms)[0m  [1mINSERT INTO "schema_migrations" (version) VALUES ('20130509061919')[0m
Connecting to database specified by database.yml
  [1m[36m (0.1ms)[0m  [1mSELECT "schema_migrations"."version" FROM "schema_migrations" [0m
  [1m[35m (0.2ms)[0m  select sqlite_version(*)
  [1m[36m (106.9ms)[0m  [1mCREATE TABLE "projects" ("id" INTEGER PRIMARY KEY AUTOINCREMENT NOT NULL, "name" varchar(255), "description" varchar(255), "created_at" datetime NOT NULL, "updated_at" datetime NOT NULL) [0m
  [1m[35m (98.7ms)[0m  CREATE TABLE "schema_migrations" ("version" varchar(255) NOT NULL) 
  [1m[36m (99.3ms)[0m  [1mCREATE UNIQUE INDEX "unique_schema_migrations" ON "schema_migrations" ("version")[0m
  [1m[35m (0.2ms)[0m  SELECT version FROM "schema_migrations"
  [1m[36m (106.5ms)[0m  [1mINSERT INTO "schema_migrations" (version) VALUES ('20130509061919')[0m
Connecting to database specified by database.yml
  [1m[36m (0.1ms)[0m  [1mSELECT "schema_migrations"."version" FROM "schema_migrations" [0m
  [1m[35m (0.2ms)[0m  select sqlite_version(*)
  [1m[36m (134.7ms)[0m  [1mCREATE TABLE "projects" ("id" INTEGER PRIMARY KEY AUTOINCREMENT NOT NULL, "name" varchar(255), "description" varchar(255), "created_at" datetime NOT NULL, "updated_at" datetime NOT NULL) [0m
  [1m[35m (131.7ms)[0m  CREATE TABLE "schema_migrations" ("version" varchar(255) NOT NULL) 
  [1m[36m (132.2ms)[0m  [1mCREATE UNIQUE INDEX "unique_schema_migrations" ON "schema_migrations" ("version")[0m
  [1m[35m (0.1ms)[0m  SELECT version FROM "schema_migrations"
  [1m[36m (131.3ms)[0m  [1mINSERT INTO "schema_migrations" (version) VALUES ('20130509061919')[0m
Connecting to database specified by database.yml
  [1m[36m (0.1ms)[0m  [1mSELECT "schema_migrations"."version" FROM "schema_migrations" [0m
  [1m[35m (0.2ms)[0m  select sqlite_version(*)
  [1m[36m (125.5ms)[0m  [1mCREATE TABLE "projects" ("id" INTEGER PRIMARY KEY AUTOINCREMENT NOT NULL, "name" varchar(255), "description" varchar(255), "created_at" datetime NOT NULL, "updated_at" datetime NOT NULL) [0m
  [1m[35m (131.7ms)[0m  CREATE TABLE "schema_migrations" ("version" varchar(255) NOT NULL) 
  [1m[36m (132.2ms)[0m  [1mCREATE UNIQUE INDEX "unique_schema_migrations" ON "schema_migrations" ("version")[0m
  [1m[35m (0.1ms)[0m  SELECT version FROM "schema_migrations"
  [1m[36m (131.5ms)[0m  [1mINSERT INTO "schema_migrations" (version) VALUES ('20130509061919')[0m
Connecting to database specified by database.yml
  [1m[36m (0.1ms)[0m  [1mSELECT "schema_migrations"."version" FROM "schema_migrations" [0m
  [1m[35m (0.2ms)[0m  select sqlite_version(*)
  [1m[36m (134.2ms)[0m  [1mCREATE TABLE "projects" ("id" INTEGER PRIMARY KEY AUTOINCREMENT NOT NULL, "name" varchar(255), "description" varchar(255), "created_at" datetime NOT NULL, "updated_at" datetime NOT NULL) [0m
  [1m[35m (125.0ms)[0m  CREATE TABLE "schema_migrations" ("version" varchar(255) NOT NULL) 
  [1m[36m (140.4ms)[0m  [1mCREATE UNIQUE INDEX "unique_schema_migrations" ON "schema_migrations" ("version")[0m
  [1m[35m (0.1ms)[0m  SELECT version FROM "schema_migrations"
  [1m[36m (139.6ms)[0m  [1mINSERT INTO "schema_migrations" (version) VALUES ('20130509061919')[0m
Connecting to database specified by database.yml
Connecting to database specified by database.yml
Connecting to database specified by database.yml
Connecting to database specified by database.yml
  [1m[36m (0.1ms)[0m  [1mSELECT "schema_migrations"."version" FROM "schema_migrations" [0m
Migrating to CreateProjects (20130509061919)
Migrating to CreateTickets (20130513195735)
  [1m[35m (0.0ms)[0m  select sqlite_version(*)
  [1m[36m (0.1ms)[0m  [1mbegin transaction[0m
  [1m[35m (0.4ms)[0m  CREATE TABLE "tickets" ("id" INTEGER PRIMARY KEY AUTOINCREMENT NOT NULL, "title" varchar(255), "description" text, "project_id" integer, "created_at" datetime NOT NULL, "updated_at" datetime NOT NULL) 
  [1m[36m (0.1ms)[0m  [1mCREATE INDEX "index_tickets_on_project_id" ON "tickets" ("project_id")[0m
  [1m[35m (0.1ms)[0m  INSERT INTO "schema_migrations" ("version") VALUES ('20130513195735')
  [1m[36m (253.4ms)[0m  [1mcommit transaction[0m
  [1m[35m (0.1ms)[0m  SELECT "schema_migrations"."version" FROM "schema_migrations" 
Connecting to database specified by database.yml
  [1m[36m (0.1ms)[0m  [1mSELECT "schema_migrations"."version" FROM "schema_migrations" [0m
  [1m[35m (0.2ms)[0m  select sqlite_version(*)
  [1m[36m (257.5ms)[0m  [1mCREATE TABLE "projects" ("id" INTEGER PRIMARY KEY AUTOINCREMENT NOT NULL, "name" varchar(255), "description" varchar(255), "created_at" datetime NOT NULL, "updated_at" datetime NOT NULL) [0m
  [1m[35m (220.6ms)[0m  CREATE TABLE "tickets" ("id" INTEGER PRIMARY KEY AUTOINCREMENT NOT NULL, "title" varchar(255), "description" text, "project_id" integer, "created_at" datetime NOT NULL, "updated_at" datetime NOT NULL) 
  [1m[36m (182.5ms)[0m  [1mCREATE INDEX "index_tickets_on_project_id" ON "tickets" ("project_id")[0m
  [1m[35m (200.2ms)[0m  CREATE TABLE "schema_migrations" ("version" varchar(255) NOT NULL) 
  [1m[36m (216.1ms)[0m  [1mCREATE UNIQUE INDEX "unique_schema_migrations" ON "schema_migrations" ("version")[0m
  [1m[35m (0.1ms)[0m  SELECT version FROM "schema_migrations"
  [1m[36m (185.9ms)[0m  [1mINSERT INTO "schema_migrations" (version) VALUES ('20130513195735')[0m
  [1m[35m (178.3ms)[0m  INSERT INTO "schema_migrations" (version) VALUES ('20130509061919')
Connecting to database specified by database.yml
Connecting to database specified by database.yml
  [1m[36m (0.1ms)[0m  [1mSELECT "schema_migrations"."version" FROM "schema_migrations" [0m
  [1m[35m (0.2ms)[0m  select sqlite_version(*)
  [1m[36m (232.4ms)[0m  [1mCREATE TABLE "projects" ("id" INTEGER PRIMARY KEY AUTOINCREMENT NOT NULL, "name" varchar(255), "description" varchar(255), "created_at" datetime NOT NULL, "updated_at" datetime NOT NULL) [0m
  [1m[35m (213.5ms)[0m  CREATE TABLE "tickets" ("id" INTEGER PRIMARY KEY AUTOINCREMENT NOT NULL, "title" varchar(255), "description" text, "project_id" integer, "created_at" datetime NOT NULL, "updated_at" datetime NOT NULL) 
  [1m[36m (176.5ms)[0m  [1mCREATE INDEX "index_tickets_on_project_id" ON "tickets" ("project_id")[0m
  [1m[35m (163.8ms)[0m  CREATE TABLE "schema_migrations" ("version" varchar(255) NOT NULL) 
  [1m[36m (156.9ms)[0m  [1mCREATE UNIQUE INDEX "unique_schema_migrations" ON "schema_migrations" ("version")[0m
  [1m[35m (0.1ms)[0m  SELECT version FROM "schema_migrations"
  [1m[36m (182.0ms)[0m  [1mINSERT INTO "schema_migrations" (version) VALUES ('20130513195735')[0m
  [1m[35m (192.7ms)[0m  INSERT INTO "schema_migrations" (version) VALUES ('20130509061919')
Connecting to database specified by database.yml
  [1m[36m (0.1ms)[0m  [1mSELECT "schema_migrations"."version" FROM "schema_migrations" [0m
  [1m[35m (0.2ms)[0m  select sqlite_version(*)
  [1m[36m (210.7ms)[0m  [1mCREATE TABLE "projects" ("id" INTEGER PRIMARY KEY AUTOINCREMENT NOT NULL, "name" varchar(255), "description" varchar(255), "created_at" datetime NOT NULL, "updated_at" datetime NOT NULL) [0m
  [1m[35m (113.6ms)[0m  CREATE TABLE "tickets" ("id" INTEGER PRIMARY KEY AUTOINCREMENT NOT NULL, "title" varchar(255), "description" text, "project_id" integer, "created_at" datetime NOT NULL, "updated_at" datetime NOT NULL) 
  [1m[36m (107.1ms)[0m  [1mCREATE INDEX "index_tickets_on_project_id" ON "tickets" ("project_id")[0m
  [1m[35m (107.5ms)[0m  CREATE TABLE "schema_migrations" ("version" varchar(255) NOT NULL) 
  [1m[36m (99.4ms)[0m  [1mCREATE UNIQUE INDEX "unique_schema_migrations" ON "schema_migrations" ("version")[0m
  [1m[35m (0.1ms)[0m  SELECT version FROM "schema_migrations"
  [1m[36m (90.1ms)[0m  [1mINSERT INTO "schema_migrations" (version) VALUES ('20130513195735')[0m
  [1m[35m (91.1ms)[0m  INSERT INTO "schema_migrations" (version) VALUES ('20130509061919')
Connecting to database specified by database.yml


Started GET "/" for 127.0.0.1 at 2013-05-13 13:51:49 -0700
Processing by ProjectsController#index as HTML
  [1m[36mProject Load (0.1ms)[0m  [1mSELECT "projects".* FROM "projects" [0m
  Rendered projects/index.html.erb within layouts/application (4.2ms)
Compiled application.css  (0ms)  (pid 27996)
Compiled jquery.js  (6ms)  (pid 27996)
Compiled jquery_ujs.js  (1ms)  (pid 27996)
Compiled projects.js  (123ms)  (pid 27996)
Compiled tickets.js  (114ms)  (pid 27996)
Compiled application.js  (272ms)  (pid 27996)
Completed 200 OK in 512ms (Views: 402.1ms | ActiveRecord: 2.4ms)


Started GET "/assets/projects.js?body=1" for 127.0.0.1 at 2013-05-13 13:51:50 -0700
Served asset /projects.js - 200 OK (15ms)


Started GET "/assets/application.css?body=1" for 127.0.0.1 at 2013-05-13 13:51:50 -0700
Served asset /application.css - 200 OK (2ms)


Started GET "/assets/jquery.js?body=1" for 127.0.0.1 at 2013-05-13 13:51:50 -0700
Served asset /jquery.js - 304 Not Modified (5ms)


Started GET "/assets/jquery_ujs.js?body=1" for 127.0.0.1 at 2013-05-13 13:51:50 -0700
Served asset /jquery_ujs.js - 304 Not Modified (5ms)


Started GET "/assets/tickets.js?body=1" for 127.0.0.1 at 2013-05-13 13:51:50 -0700
Served asset /tickets.js - 200 OK (3ms)


Started GET "/assets/application.js?body=1" for 127.0.0.1 at 2013-05-13 13:51:50 -0700
Served asset /application.js - 200 OK (7ms)


Started GET "/projects/1" for 127.0.0.1 at 2013-05-13 13:51:59 -0700
Processing by ProjectsController#show as HTML
  Parameters: {"id"=>"1"}
  [1m[35mProject Load (0.3ms)[0m  SELECT "projects".* FROM "projects" WHERE "projects"."id" = ? LIMIT 1  [["id", "1"]]
  [1m[36mTicket Load (0.1ms)[0m  [1mSELECT "tickets".* FROM "tickets" WHERE "tickets"."project_id" = 1[0m
  Rendered projects/show.html.erb within layouts/application (30.7ms)
Completed 200 OK in 133ms (Views: 129.3ms | ActiveRecord: 0.8ms)


Started GET "/assets/jquery_ujs.js?body=1" for 127.0.0.1 at 2013-05-13 13:51:59 -0700
Served asset /jquery_ujs.js - 304 Not Modified (0ms)


Started GET "/assets/jquery.js?body=1" for 127.0.0.1 at 2013-05-13 13:51:59 -0700
Served asset /jquery.js - 304 Not Modified (0ms)


Started GET "/projects/2" for 127.0.0.1 at 2013-05-13 13:52:01 -0700
Processing by ProjectsController#show as HTML
  Parameters: {"id"=>"2"}
  [1m[35mProject Load (0.1ms)[0m  SELECT "projects".* FROM "projects" WHERE "projects"."id" = ? LIMIT 1  [["id", "2"]]
  [1m[36mTicket Load (0.1ms)[0m  [1mSELECT "tickets".* FROM "tickets" WHERE "tickets"."project_id" = 2[0m
  Rendered projects/show.html.erb within layouts/application (2.4ms)
Completed 200 OK in 17ms (Views: 15.6ms | ActiveRecord: 0.3ms)


Started GET "/assets/jquery.js?body=1" for 127.0.0.1 at 2013-05-13 13:52:01 -0700
Served asset /jquery.js - 304 Not Modified (0ms)


Started GET "/assets/jquery_ujs.js?body=1" for 127.0.0.1 at 2013-05-13 13:52:01 -0700
Served asset /jquery_ujs.js - 304 Not Modified (0ms)


Started GET "/projects/1" for 127.0.0.1 at 2013-05-13 13:52:04 -0700
Processing by ProjectsController#show as HTML
  Parameters: {"id"=>"1"}
  [1m[35mProject Load (0.1ms)[0m  SELECT "projects".* FROM "projects" WHERE "projects"."id" = ? LIMIT 1  [["id", "1"]]
  [1m[36mTicket Load (0.2ms)[0m  [1mSELECT "tickets".* FROM "tickets" WHERE "tickets"."project_id" = 1[0m
  Rendered projects/show.html.erb within layouts/application (3.0ms)
Completed 200 OK in 20ms (Views: 18.3ms | ActiveRecord: 0.3ms)


Started GET "/assets/jquery_ujs.js?body=1" for 127.0.0.1 at 2013-05-13 13:52:04 -0700
Served asset /jquery_ujs.js - 304 Not Modified (0ms)


Started GET "/assets/jquery.js?body=1" for 127.0.0.1 at 2013-05-13 13:52:04 -0700
Served asset /jquery.js - 304 Not Modified (0ms)


Started DELETE "/projects/1" for 127.0.0.1 at 2013-05-13 13:52:07 -0700
Processing by ProjectsController#destroy as HTML
  Parameters: {"authenticity_token"=>"X9ZwInWQrcpSvlMuqcFeB/AlApnDzPUHlf9qRVSVFYc=", "id"=>"1"}
  [1m[35mProject Load (0.1ms)[0m  SELECT "projects".* FROM "projects" WHERE "projects"."id" = ? LIMIT 1  [["id", "1"]]
  [1m[36m (0.4ms)[0m  [1mbegin transaction[0m
  [1m[35mSQL (3.6ms)[0m  DELETE FROM "projects" WHERE "projects"."id" = ?  [["id", 1]]
  [1m[36m (133.8ms)[0m  [1mcommit transaction[0m
Redirected to http://localhost:3000/projects
Completed 302 Found in 147ms (ActiveRecord: 137.9ms)


Started GET "/projects" for 127.0.0.1 at 2013-05-13 13:52:07 -0700
Processing by ProjectsController#index as HTML
  [1m[35mProject Load (0.4ms)[0m  SELECT "projects".* FROM "projects" 
  Rendered projects/index.html.erb within layouts/application (1.9ms)
Completed 200 OK in 25ms (Views: 21.7ms | ActiveRecord: 0.4ms)


Started GET "/assets/jquery.js?body=1" for 127.0.0.1 at 2013-05-13 13:52:07 -0700
Served asset /jquery.js - 304 Not Modified (0ms)


Started GET "/assets/jquery_ujs.js?body=1" for 127.0.0.1 at 2013-05-13 13:52:07 -0700
Served asset /jquery_ujs.js - 304 Not Modified (0ms)


Started GET "/projects/2" for 127.0.0.1 at 2013-05-13 13:52:08 -0700
Processing by ProjectsController#show as HTML
  Parameters: {"id"=>"2"}
  [1m[36mProject Load (0.1ms)[0m  [1mSELECT "projects".* FROM "projects" WHERE "projects"."id" = ? LIMIT 1[0m  [["id", "2"]]
  [1m[35mTicket Load (0.1ms)[0m  SELECT "tickets".* FROM "tickets" WHERE "tickets"."project_id" = 2
  Rendered projects/show.html.erb within layouts/application (2.4ms)
Completed 200 OK in 18ms (Views: 16.0ms | ActiveRecord: 0.3ms)


Started GET "/assets/jquery_ujs.js?body=1" for 127.0.0.1 at 2013-05-13 13:52:08 -0700
Served asset /jquery_ujs.js - 304 Not Modified (0ms)


Started GET "/assets/jquery.js?body=1" for 127.0.0.1 at 2013-05-13 13:52:08 -0700
Served asset /jquery.js - 304 Not Modified (1ms)


Started DELETE "/projects/2" for 127.0.0.1 at 2013-05-13 13:52:10 -0700
Processing by ProjectsController#destroy as HTML
  Parameters: {"authenticity_token"=>"X9ZwInWQrcpSvlMuqcFeB/AlApnDzPUHlf9qRVSVFYc=", "id"=>"2"}
  [1m[36mProject Load (0.2ms)[0m  [1mSELECT "projects".* FROM "projects" WHERE "projects"."id" = ? LIMIT 1[0m  [["id", "2"]]
  [1m[35m (0.1ms)[0m  begin transaction
  [1m[36mSQL (0.2ms)[0m  [1mDELETE FROM "projects" WHERE "projects"."id" = ?[0m  [["id", 2]]
  [1m[35m (163.7ms)[0m  commit transaction
Redirected to http://localhost:3000/projects
Completed 302 Found in 168ms (ActiveRecord: 164.2ms)


Started GET "/projects" for 127.0.0.1 at 2013-05-13 13:52:10 -0700
Processing by ProjectsController#index as HTML
  [1m[36mProject Load (0.3ms)[0m  [1mSELECT "projects".* FROM "projects" [0m
  Rendered projects/index.html.erb within layouts/application (0.4ms)
Completed 200 OK in 17ms (Views: 15.8ms | ActiveRecord: 0.3ms)


Started GET "/assets/jquery.js?body=1" for 127.0.0.1 at 2013-05-13 13:52:10 -0700
Served asset /jquery.js - 304 Not Modified (0ms)


Started GET "/assets/jquery_ujs.js?body=1" for 127.0.0.1 at 2013-05-13 13:52:10 -0700
Served asset /jquery_ujs.js - 304 Not Modified (0ms)


Started GET "/projects/new" for 127.0.0.1 at 2013-05-13 13:52:14 -0700
Processing by ProjectsController#new as HTML
  Rendered projects/_form.html.erb (11.8ms)
  Rendered projects/new.html.erb within layouts/application (30.2ms)
Completed 200 OK in 53ms (Views: 52.3ms | ActiveRecord: 0.0ms)


Started GET "/assets/jquery.js?body=1" for 127.0.0.1 at 2013-05-13 13:52:14 -0700
Served asset /jquery.js - 304 Not Modified (0ms)


Started GET "/assets/jquery_ujs.js?body=1" for 127.0.0.1 at 2013-05-13 13:52:14 -0700
Served asset /jquery_ujs.js - 304 Not Modified (0ms)


Started POST "/projects" for 127.0.0.1 at 2013-05-13 13:52:21 -0700
Processing by ProjectsController#create as HTML
  Parameters: {"utf8"=>"✓", "authenticity_token"=>"X9ZwInWQrcpSvlMuqcFeB/AlApnDzPUHlf9qRVSVFYc=", "project"=>{"name"=>"Test", "description"=>"this is just a test"}, "commit"=>"Create Project"}
  [1m[35m (0.1ms)[0m  begin transaction
  [1m[36mSQL (1.4ms)[0m  [1mINSERT INTO "projects" ("created_at", "description", "name", "updated_at") VALUES (?, ?, ?, ?)[0m  [["created_at", Mon, 13 May 2013 20:52:21 UTC +00:00], ["description", "this is just a test"], ["name", "Test"], ["updated_at", Mon, 13 May 2013 20:52:21 UTC +00:00]]
  [1m[35m (174.0ms)[0m  commit transaction
Redirected to http://localhost:3000/projects/3
Completed 302 Found in 182ms (ActiveRecord: 175.5ms)


Started GET "/projects/3" for 127.0.0.1 at 2013-05-13 13:52:22 -0700
Processing by ProjectsController#show as HTML
  Parameters: {"id"=>"3"}
  [1m[36mProject Load (0.1ms)[0m  [1mSELECT "projects".* FROM "projects" WHERE "projects"."id" = ? LIMIT 1[0m  [["id", "3"]]
  [1m[35mTicket Load (0.1ms)[0m  SELECT "tickets".* FROM "tickets" WHERE "tickets"."project_id" = 3
  Rendered projects/show.html.erb within layouts/application (2.6ms)
Completed 200 OK in 19ms (Views: 17.7ms | ActiveRecord: 0.3ms)


Started GET "/assets/jquery_ujs.js?body=1" for 127.0.0.1 at 2013-05-13 13:52:22 -0700
Served asset /jquery_ujs.js - 304 Not Modified (0ms)


Started GET "/assets/jquery.js?body=1" for 127.0.0.1 at 2013-05-13 13:52:22 -0700
Served asset /jquery.js - 304 Not Modified (1ms)


Started GET "/projects/" for 127.0.0.1 at 2013-05-13 13:52:25 -0700
Processing by ProjectsController#index as HTML
  [1m[36mProject Load (0.2ms)[0m  [1mSELECT "projects".* FROM "projects" [0m
  Rendered projects/index.html.erb within layouts/application (1.3ms)
Completed 200 OK in 20ms (Views: 18.6ms | ActiveRecord: 0.2ms)


Started GET "/assets/jquery.js?body=1" for 127.0.0.1 at 2013-05-13 13:52:25 -0700
Served asset /jquery.js - 304 Not Modified (0ms)


Started GET "/assets/jquery_ujs.js?body=1" for 127.0.0.1 at 2013-05-13 13:52:25 -0700
Served asset /jquery_ujs.js - 304 Not Modified (0ms)


Started GET "/projects/3" for 127.0.0.1 at 2013-05-13 13:52:26 -0700
Processing by ProjectsController#show as HTML
  Parameters: {"id"=>"3"}
  [1m[35mProject Load (0.2ms)[0m  SELECT "projects".* FROM "projects" WHERE "projects"."id" = ? LIMIT 1  [["id", "3"]]
  [1m[36mTicket Load (0.1ms)[0m  [1mSELECT "tickets".* FROM "tickets" WHERE "tickets"."project_id" = 3[0m
  Rendered projects/show.html.erb within layouts/application (2.1ms)
Completed 200 OK in 110ms (Views: 107.4ms | ActiveRecord: 0.4ms)


Started GET "/assets/jquery.js?body=1" for 127.0.0.1 at 2013-05-13 13:52:26 -0700
Served asset /jquery.js - 304 Not Modified (1ms)


Started GET "/assets/jquery_ujs.js?body=1" for 127.0.0.1 at 2013-05-13 13:52:26 -0700
Served asset /jquery_ujs.js - 304 Not Modified (0ms)


Started GET "/projects/" for 127.0.0.1 at 2013-05-13 13:52:28 -0700
Processing by ProjectsController#index as HTML
  [1m[35mProject Load (0.5ms)[0m  SELECT "projects".* FROM "projects" 
  Rendered projects/index.html.erb within layouts/application (1.1ms)
Completed 200 OK in 22ms (Views: 18.2ms | ActiveRecord: 0.5ms)


Started GET "/assets/jquery.js?body=1" for 127.0.0.1 at 2013-05-13 13:52:28 -0700
Served asset /jquery.js - 304 Not Modified (0ms)


Started GET "/assets/jquery_ujs.js?body=1" for 127.0.0.1 at 2013-05-13 13:52:28 -0700
Served asset /jquery_ujs.js - 304 Not Modified (0ms)
Connecting to database specified by database.yml
Connecting to database specified by database.yml
