Compiled jquery.js  (6ms)  (pid 13030)
Compiled jquery_ujs.js  (1ms)  (pid 13030)
Compiled projects.js  (481ms)  (pid 13030)
Compiled application.js  (588ms)  (pid 13030)
Compiled application.css  (0ms)  (pid 13030)
Compiled jquery.js  (10ms)  (pid 13030)
Compiled jquery_ujs.js  (0ms)  (pid 13030)
Compiled projects.js  (158ms)  (pid 13030)
Compiled application.js  (207ms)  (pid 13030)
Compiled application.css  (0ms)  (pid 13030)
Connecting to database specified by database.yml
Migrating to CreateProjects (20130509061919)
Connecting to database specified by database.yml
Started GET "/" for 127.0.0.1 at 2013-05-12 23:23:47 -0700
Processing by ProjectsController#index as HTML
  Rendered projects/index.html.erb within layouts/application (49.4ms)
Completed 200 OK in 85ms (Views: 63.0ms | ActiveRecord: 1.4ms)
Started GET "/projects/new" for 127.0.0.1 at 2013-05-12 23:23:56 -0700
Processing by ProjectsController#new as HTML
  Rendered projects/_form.html.erb (11.6ms)
  Rendered projects/new.html.erb within layouts/application (15.1ms)
Completed 200 OK in 28ms (Views: 18.2ms | ActiveRecord: 0.0ms)
Started GET "/projects/dfsdfgs" for 127.0.0.1 at 2013-05-12 23:24:12 -0700
Processing by ProjectsController#show as HTML
  Parameters: {"id"=>"dfsdfgs"}
Completed 404 Not Found in 2ms

ActiveRecord::RecordNotFound (Couldn't find Project with id=dfsdfgs):
  app/controllers/projects_controller.rb:22:in `show'


